<?xml version="1.0" encoding="UTF-8"?>
<!-- Generated by org.testng.reporters.JUnitReportReporter -->
<testsuite hostname="Sanjay-Gowda" failures="0" tests="1" name="TestNG.SoftAssertEx" time="0.016" errors="0" timestamp="2025-04-08T20:41:56 IST" skipped="0">
  <testcase classname="TestNG.SoftAssertEx" name="m1" time="0.016"/>
</testsuite> <!-- TestNG.SoftAssertEx -->
