<?xml version="1.0" encoding="UTF-8"?>
<!-- Generated by org.testng.reporters.JUnitReportReporter -->
<testsuite hostname="Sanjay-Gowda" failures="0" tests="3" name="TestNG.Sample_Test" time="58.384" errors="0" timestamp="2025-04-03T19:50:59 IST" skipped="0">
  <testcase classname="TestNG.Sample_Test" name="modifyContact" time="19.332"/>
  <testcase classname="TestNG.Sample_Test" name="createContact" time="19.791"/>
  <testcase classname="TestNG.Sample_Test" name="deleteContact" time="19.261"/>
</testsuite> <!-- TestNG.Sample_Test -->
