<?xml version="1.0" encoding="UTF-8"?>
<!-- Generated by org.testng.reporters.JUnitReportReporter -->
<testsuite hostname="Sanjay-Gowda" failures="0" tests="3" name="TestNG.DataProviderEx1" time="0.036" errors="0" timestamp="2025-04-05T19:59:13 IST" skipped="0">
  <testcase classname="TestNG.DataProviderEx1" name="bookTickets" time="0.018"/>
  <testcase classname="TestNG.DataProviderEx1" name="bookTickets" time="0.011"/>
  <testcase classname="TestNG.DataProviderEx1" name="bookTickets" time="0.007"/>
</testsuite> <!-- TestNG.DataProviderEx1 -->
