<?xml version="1.0" encoding="UTF-8"?>
<!-- Generated by org.testng.reporters.JUnitReportReporter -->
<testsuite hostname="Sanjay-Gowda" failures="0" tests="4" name="TestNG.DataProviderEx3" time="143.946" errors="0" timestamp="2025-04-05T21:11:37 IST" skipped="0">
  <testcase classname="TestNG.DataProviderEx3" name="createContact" time="34.912"/>
  <testcase classname="TestNG.DataProviderEx3" name="createContact" time="35.585"/>
  <testcase classname="TestNG.DataProviderEx3" name="createContact" time="41.455"/>
  <testcase classname="TestNG.DataProviderEx3" name="createContact" time="31.994"/>
</testsuite> <!-- TestNG.DataProviderEx3 -->
