<?xml version="1.0" encoding="UTF-8"?>
<!-- Generated by org.testng.reporters.JUnitReportReporter -->
<testsuite hostname="Sanjay-Gowda" failures="0" tests="3" name="TestNG.DataProviderEx2" time="107.761" errors="0" timestamp="2025-04-05T20:43:34 IST" skipped="0">
  <testcase classname="TestNG.DataProviderEx2" name="createContact" time="33.213"/>
  <testcase classname="TestNG.DataProviderEx2" name="createContact" time="35.430"/>
  <testcase classname="TestNG.DataProviderEx2" name="createContact" time="39.118"/>
</testsuite> <!-- TestNG.DataProviderEx2 -->
